<?xml version="1.0" encoding="UTF-8"?>
<!-- Generated by org.testng.reporters.JUnitXMLReporter -->
<testsuite ignored="2" hostname="Aakanksha2410" failures="2" tests="2" name="Test(failed)" time="0.109" errors="0" timestamp="2023-06-15T15:36:09 IST">
  <testcase classname="Test_NG.Fail_TC_File_Generate$Example8_DisableTCExecutionFromTestSuite" name="TC1" time="0.014">
    <failure type="java.lang.Error" message="Unresolved compilation problem: 
	Syntax error, insert &amp;quot;;&amp;quot; to complete BlockStatements
">
      <![CDATA[java.lang.Error: Unresolved compilation problem: 
Syntax error, insert ";" to complete BlockStatements

at Test_NG.Fail_TC_File_Generate$Example8_DisableTCExecutionFromTestSuite.TC1(Fail_TC_File_Generate.java:13)
at java.base/java.util.ArrayList.forEach(ArrayList.java:1511)
... Removed 27 stack frames]]>
    </failure>
  </testcase> <!-- TC1 -->
  <testcase classname="Test_NG.Fail_TC_File_Generate$Example8_DisableTCExecutionFromTestSuite" name="TC2" time="0.006">
    <failure type="java.lang.Error" message="Unresolved compilation problem: 
	Syntax error, insert &amp;quot;;&amp;quot; to complete BlockStatements
">
      <![CDATA[java.lang.Error: Unresolved compilation problem: 
Syntax error, insert ";" to complete BlockStatements

at Test_NG.Fail_TC_File_Generate$Example8_DisableTCExecutionFromTestSuite.TC2(Fail_TC_File_Generate.java:18)
at java.base/java.util.ArrayList.forEach(ArrayList.java:1511)
... Removed 27 stack frames]]>
    </failure>
  </testcase> <!-- TC2 -->
  <testcase classname="Test_NG.Fail_TC_File_Generate$Example8_DisableTCExecutionFromTestSuite" name="TC4" time="0.0">
    <ignored/>
  </testcase> <!-- TC4 -->
  <testcase classname="Test_NG.Fail_TC_File_Generate$Example8_DisableTCExecutionFromTestSuite" name="TC3" time="0.0">
    <ignored/>
  </testcase> <!-- TC3 -->
</testsuite> <!-- Test(failed) -->
